[32m[I 2023-02-09 14:24:49,189][0m A new study created in memory with name: no-name-294a247d-d7ef-42e0-a0fd-c1ee01daf670[0m
[32m[I 2023-02-09 14:27:00,280][0m Trial 0 finished with value: 47.58229418945312 and parameters: {'epochs': 100, 'batch_size': 32, 'lr': 0.0009917492360744444, 'arch': '4Layers', 'wd': 2.8093644448672853e-05}. Best is trial 0 with value: 47.58229418945312.[0m
[32m[I 2023-02-09 14:31:16,352][0m Trial 1 finished with value: 46.718121643066404 and parameters: {'epochs': 50, 'batch_size': 8, 'lr': 0.0018873566466387096, 'arch': '7Layers', 'wd': 6.019936531427164e-05}. Best is trial 1 with value: 46.718121643066404.[0m
[32m[I 2023-02-09 14:36:25,254][0m Trial 2 finished with value: 46.737028137207034 and parameters: {'epochs': 50, 'batch_size': 8, 'lr': 0.001728608793804143, 'arch': '9Layers', 'wd': 6.59444364683386e-05}. Best is trial 1 with value: 46.718121643066404.[0m
[32m[I 2023-02-09 14:39:30,396][0m Trial 3 finished with value: 48.36025524902344 and parameters: {'epochs': 80, 'batch_size': 128, 'lr': 0.0074638009550245625, 'arch': '9Layers', 'wd': 2.4550530078609194e-05}. Best is trial 1 with value: 46.718121643066404.[0m
[32m[I 2023-02-09 14:43:15,138][0m Trial 4 finished with value: 48.37950579833984 and parameters: {'epochs': 100, 'batch_size': 128, 'lr': 0.0017723707255431615, 'arch': '9Layers', 'wd': 4.659303916890788e-05}. Best is trial 1 with value: 46.718121643066404.[0m
[32m[I 2023-02-09 14:48:42,485][0m Trial 5 finished with value: 48.2794462890625 and parameters: {'epochs': 150, 'batch_size': 128, 'lr': 0.0007289452856471522, 'arch': '9Layers', 'wd': 1.9139474196427914e-05}. Best is trial 1 with value: 46.718121643066404.[0m
[32m[I 2023-02-09 14:51:48,313][0m Trial 6 finished with value: 115.89593255615235 and parameters: {'epochs': 100, 'batch_size': 32, 'lr': 0.00040672451778027554, 'arch': '7Layers', 'wd': 0.00020436096228195388}. Best is trial 1 with value: 46.718121643066404.[0m
[32m[I 2023-02-09 15:00:06,834][0m Trial 7 finished with value: 46.492486145019534 and parameters: {'epochs': 150, 'batch_size': 8, 'lr': 0.0004424364401905442, 'arch': '4Layers', 'wd': 0.00013335879431614805}. Best is trial 7 with value: 46.492486145019534.[0m
[32m[I 2023-02-09 15:02:36,873][0m Trial 8 finished with value: 119.54514947509766 and parameters: {'epochs': 80, 'batch_size': 128, 'lr': 0.0002034727062572808, 'arch': '7Layers', 'wd': 7.167872274703281e-05}. Best is trial 7 with value: 46.492486145019534.[0m
[32m[I 2023-02-09 15:04:22,269][0m Trial 9 finished with value: 48.36017230224609 and parameters: {'epochs': 80, 'batch_size': 128, 'lr': 0.001274182726314061, 'arch': '4Layers', 'wd': 1.3115715748681939e-05}. Best is trial 7 with value: 46.492486145019534.[0m
[32m[I 2023-02-09 15:12:00,631][0m Trial 10 finished with value: 46.49205603027344 and parameters: {'epochs': 150, 'batch_size': 8, 'lr': 6.69434175089928e-05, 'arch': '4Layers', 'wd': 0.0008723013647905592}. Best is trial 10 with value: 46.49205603027344.[0m
[32m[I 2023-02-09 15:19:53,805][0m Trial 11 finished with value: 46.49208074951172 and parameters: {'epochs': 150, 'batch_size': 8, 'lr': 7.596501958377974e-05, 'arch': '4Layers', 'wd': 0.0009484803556738928}. Best is trial 10 with value: 46.49205603027344.[0m
[32m[I 2023-02-09 15:29:25,546][0m Trial 12 finished with value: 46.49233380126953 and parameters: {'epochs': 150, 'batch_size': 8, 'lr': 5.30372726923268e-05, 'arch': '4Layers', 'wd': 0.0009454203340680079}. Best is trial 10 with value: 46.49205603027344.[0m
[32m[I 2023-02-09 15:38:38,495][0m Trial 13 finished with value: 46.49204119873047 and parameters: {'epochs': 150, 'batch_size': 8, 'lr': 5.145577253590131e-05, 'arch': '4Layers', 'wd': 0.0009967321916678176}. Best is trial 13 with value: 46.49204119873047.[0m
[32m[I 2023-02-09 15:46:18,189][0m Trial 14 finished with value: 46.49219116210938 and parameters: {'epochs': 150, 'batch_size': 8, 'lr': 0.00013789022978932767, 'arch': '4Layers', 'wd': 0.0003860829779801617}. Best is trial 13 with value: 46.49204119873047.[0m
[32m[I 2023-02-09 15:53:58,579][0m Trial 15 finished with value: 46.49208239746094 and parameters: {'epochs': 150, 'batch_size': 8, 'lr': 0.00011794737944519925, 'arch': '4Layers', 'wd': 0.0004330328279321128}. Best is trial 13 with value: 46.49204119873047.[0m
[32m[I 2023-02-09 16:01:38,392][0m Trial 16 finished with value: 46.49205603027344 and parameters: {'epochs': 150, 'batch_size': 8, 'lr': 5.214657299871435e-05, 'arch': '4Layers', 'wd': 0.0004908879334978833}. Best is trial 13 with value: 46.49204119873047.[0m
[32m[I 2023-02-09 16:04:32,013][0m Trial 17 finished with value: 47.47293231201172 and parameters: {'epochs': 150, 'batch_size': 32, 'lr': 0.00022225992790702182, 'arch': '4Layers', 'wd': 0.0004058091356951764}. Best is trial 13 with value: 46.49204119873047.[0m
[32m[I 2023-02-09 16:07:18,718][0m Trial 18 finished with value: 46.64388159179688 and parameters: {'epochs': 50, 'batch_size': 8, 'lr': 0.005077184156733759, 'arch': '4Layers', 'wd': 0.0002355681161755839}. Best is trial 13 with value: 46.49204119873047.[0m
[32m[I 2023-02-09 16:18:41,754][0m Trial 19 finished with value: 115.5535625 and parameters: {'epochs': 150, 'batch_size': 8, 'lr': 0.00010039052364380722, 'arch': '7Layers', 'wd': 0.0005768303006754553}. Best is trial 13 with value: 46.49204119873047.[0m
[32m[I 2023-02-09 16:21:35,425][0m Trial 20 finished with value: 47.473041015625 and parameters: {'epochs': 150, 'batch_size': 32, 'lr': 0.00023007104234664067, 'arch': '4Layers', 'wd': 0.00017828767553057417}. Best is trial 13 with value: 46.49204119873047.[0m
[32m[I 2023-02-09 16:29:16,043][0m Trial 21 finished with value: 46.49204943847656 and parameters: {'epochs': 150, 'batch_size': 8, 'lr': 5.824226520872508e-05, 'arch': '4Layers', 'wd': 0.0006102110058204383}. Best is trial 13 with value: 46.49204119873047.[0m
[32m[I 2023-02-09 16:36:56,137][0m Trial 22 finished with value: 46.49206921386719 and parameters: {'epochs': 150, 'batch_size': 8, 'lr': 5.073113628796518e-05, 'arch': '4Layers', 'wd': 0.00060976041477742}. Best is trial 13 with value: 46.49204119873047.[0m
[32m[I 2023-02-09 16:44:35,218][0m Trial 23 finished with value: 46.4920791015625 and parameters: {'epochs': 150, 'batch_size': 8, 'lr': 9.049204571597155e-05, 'arch': '4Layers', 'wd': 0.00028042320042090006}. Best is trial 13 with value: 46.49204119873047.[0m
[32m[I 2023-02-09 16:52:14,240][0m Trial 24 finished with value: 46.49222576904297 and parameters: {'epochs': 150, 'batch_size': 8, 'lr': 0.00015257080110578063, 'arch': '4Layers', 'wd': 0.0006286065406797911}. Best is trial 13 with value: 46.49204119873047.[0m
[32m[I 2023-02-09 16:59:53,291][0m Trial 25 finished with value: 46.49210217285156 and parameters: {'epochs': 150, 'batch_size': 8, 'lr': 7.613806154296285e-05, 'arch': '4Layers', 'wd': 0.00030965106546337575}. Best is trial 13 with value: 46.49204119873047.[0m
[32m[I 2023-02-09 17:02:40,736][0m Trial 26 finished with value: 46.533479614257814 and parameters: {'epochs': 50, 'batch_size': 8, 'lr': 0.0003478116966367321, 'arch': '4Layers', 'wd': 0.0006275849304144311}. Best is trial 13 with value: 46.49204119873047.[0m
[32m[I 2023-02-09 17:06:54,580][0m Trial 27 finished with value: 46.50001812744141 and parameters: {'epochs': 80, 'batch_size': 8, 'lr': 5.397581660751071e-05, 'arch': '4Layers', 'wd': 0.00012023982745494236}. Best is trial 13 with value: 46.49204119873047.[0m
[32m[I 2023-02-09 17:14:35,379][0m Trial 28 finished with value: 113.71232153320312 and parameters: {'epochs': 100, 'batch_size': 8, 'lr': 0.00016304523185651235, 'arch': '7Layers', 'wd': 0.0005050123979128441}. Best is trial 13 with value: 46.49204119873047.[0m
[32m[I 2023-02-09 17:18:27,107][0m Trial 29 finished with value: 47.52045843505859 and parameters: {'epochs': 100, 'batch_size': 32, 'lr': 9.00221788775791e-05, 'arch': '9Layers', 'wd': 0.0008342310114925118}. Best is trial 13 with value: 46.49204119873047.[0m
